Building DAG of jobs...
Using shell: /usr/bin/bash
Provided cores: 1 (use --cores to define parallelism)
Rules claiming more threads will be scaled down.
Job stats:
job         count    min threads    max threads
--------  -------  -------------  -------------
ccdprint        1              1              1
total           1              1              1

Select jobs to execute...

[Thu Jan  6 18:54:39 2022]
rule ccdprint:
    input: ccd.in
    log: output.log
    jobid: 0
    resources: tmpdir=/tmp

[Thu Jan  6 18:54:39 2022]
Finished job 0.
1 of 1 steps (100%) done
Complete log: /lustre/vbundu/nemo_data/nemo/NEMOSnakeMake/.snakemake/log/2022-01-06T185435.855337.snakemake.log
