Building DAG of jobs...
Using shell: /usr/bin/bash
Provided cores: 1 (use --cores to define parallelism)
Rules claiming more threads will be scaled down.
Job stats:
job         count    min threads    max threads
--------  -------  -------------  -------------
ccd3            1              1              1
ccdprint        1              1              1
total           2              1              1

Select jobs to execute...

[Thu Jan  6 19:06:34 2022]
rule ccd3:
    output: ccd.in
    jobid: 0
    resources: tmpdir=/tmp

[Thu Jan  6 19:06:34 2022]
Finished job 0.
1 of 2 steps (50%) done
Select jobs to execute...

[Thu Jan  6 19:06:34 2022]
rule ccdprint:
    input: ccd.in
    log: output.log
    jobid: 1
    resources: tmpdir=/tmp

[Thu Jan  6 19:06:34 2022]
Finished job 1.
2 of 2 steps (100%) done
Complete log: /lustre/vbundu/nemo_data/nemo/NEMOSnakeMake/.snakemake/log/2022-01-06T190634.352838.snakemake.log
